<?xml version="1.0" encoding="UTF-8"?>
<!-- Generated by org.testng.reporters.JUnitXMLReporter -->
<testsuite hostname="5CG54423ZV" ignored="0" name="Default test" tests="10" failures="0" timestamp="09 Aug 2018 09:21:55 GMT" time="0.102" errors="0">
  <testcase name="Testing1" time="0.014" classname="RestPost.multipleTest"/>
  <testcase name="Testing1" time="0.013" classname="RestPost.multipleTest"/>
  <testcase name="Testing1" time="0.015" classname="RestPost.multipleTest"/>
  <testcase name="Testing1" time="0.017" classname="RestPost.multipleTest"/>
  <testcase name="Testing1" time="0.02" classname="RestPost.multipleTest"/>
  <testcase name="Testing1" time="0.02" classname="RestPost.multipleTest"/>
  <testcase name="Testing1" time="0.022" classname="RestPost.multipleTest"/>
  <testcase name="Testing1" time="0.022" classname="RestPost.multipleTest"/>
  <testcase name="Testing2" time="0.003" classname="RestPost.multipleTest"/>
  <testcase name="Testing2" time="0.002" classname="RestPost.multipleTest"/>
</testsuite> <!-- Default test -->
