<?xml version="1.0" encoding="UTF-8"?>
<testng-results skipped="0" failed="0" ignored="2" total="12" passed="10">
  <reporter-output>
  </reporter-output>
  <suite name="Suite1" duration-ms="71" started-at="2018-08-09T11:53:10Z" finished-at="2018-08-09T11:53:10Z">
    <groups>
    </groups>
    <test name="test2" duration-ms="67" started-at="2018-08-09T11:53:10Z" finished-at="2018-08-09T11:53:10Z">
      <class name="RestPost.multipleTest">
        <test-method status="PASS" signature="autoThan()[pri:0, instance:RestPost.multipleTest@5bc79255]" name="autoThan" is-config="true" duration-ms="10" started-at="2018-08-09T17:23:10Z" finished-at="2018-08-09T17:23:10Z">
          <reporter-output>
          </reporter-output>
        </test-method> <!-- autoThan -->
        <test-method status="PASS" signature="Testing2(java.lang.String, java.lang.String)[pri:0, instance:RestPost.multipleTest@5bc79255]" name="Testing2" duration-ms="18" started-at="2018-08-09T17:23:10Z" data-provider="DataJason" finished-at="2018-08-09T17:23:10Z">
          <params>
            <param index="0">
              <value>
                <![CDATA[9]]>
              </value>
            </param>
            <param index="1">
              <value>
                <![CDATA[India]]>
              </value>
            </param>
          </params>
          <reporter-output>
          </reporter-output>
        </test-method> <!-- Testing2 -->
        <test-method status="PASS" signature="Testing2(java.lang.String, java.lang.String)[pri:0, instance:RestPost.multipleTest@5bc79255]" name="Testing2" duration-ms="7" started-at="2018-08-09T17:23:10Z" data-provider="DataJason" finished-at="2018-08-09T17:23:10Z">
          <params>
            <param index="0">
              <value>
                <![CDATA[10]]>
              </value>
            </param>
            <param index="1">
              <value>
                <![CDATA[UK]]>
              </value>
            </param>
          </params>
          <reporter-output>
          </reporter-output>
        </test-method> <!-- Testing2 -->
      </class> <!-- RestPost.multipleTest -->
    </test> <!-- test2 -->
    <test name="test1" duration-ms="71" started-at="2018-08-09T11:53:10Z" finished-at="2018-08-09T11:53:10Z">
      <class name="RestPost.multipleTest">
        <test-method status="PASS" signature="autoThan()[pri:0, instance:RestPost.multipleTest@185d8b6]" name="autoThan" is-config="true" duration-ms="10" started-at="2018-08-09T17:23:10Z" finished-at="2018-08-09T17:23:10Z">
          <reporter-output>
          </reporter-output>
        </test-method> <!-- autoThan -->
        <test-method status="PASS" signature="Testing1(java.lang.String, java.lang.String)[pri:0, instance:RestPost.multipleTest@185d8b6]" name="Testing1" duration-ms="19" started-at="2018-08-09T17:23:10Z" data-provider="DataJason" finished-at="2018-08-09T17:23:10Z">
          <params>
            <param index="0">
              <value>
                <![CDATA[2]]>
              </value>
            </param>
            <param index="1">
              <value>
                <![CDATA[UK]]>
              </value>
            </param>
          </params>
          <reporter-output>
          </reporter-output>
        </test-method> <!-- Testing1 -->
        <test-method status="PASS" signature="Testing1(java.lang.String, java.lang.String)[pri:0, instance:RestPost.multipleTest@185d8b6]" name="Testing1" duration-ms="12" started-at="2018-08-09T17:23:10Z" data-provider="DataJason" finished-at="2018-08-09T17:23:10Z">
          <params>
            <param index="0">
              <value>
                <![CDATA[1]]>
              </value>
            </param>
            <param index="1">
              <value>
                <![CDATA[India]]>
              </value>
            </param>
          </params>
          <reporter-output>
          </reporter-output>
        </test-method> <!-- Testing1 -->
        <test-method status="PASS" signature="Testing1(java.lang.String, java.lang.String)[pri:0, instance:RestPost.multipleTest@185d8b6]" name="Testing1" duration-ms="11" started-at="2018-08-09T17:23:10Z" data-provider="DataJason" finished-at="2018-08-09T17:23:10Z">
          <params>
            <param index="0">
              <value>
                <![CDATA[3]]>
              </value>
            </param>
            <param index="1">
              <value>
                <![CDATA[India]]>
              </value>
            </param>
          </params>
          <reporter-output>
          </reporter-output>
        </test-method> <!-- Testing1 -->
        <test-method status="PASS" signature="Testing1(java.lang.String, java.lang.String)[pri:0, instance:RestPost.multipleTest@185d8b6]" name="Testing1" duration-ms="20" started-at="2018-08-09T17:23:10Z" data-provider="DataJason" finished-at="2018-08-09T17:23:10Z">
          <params>
            <param index="0">
              <value>
                <![CDATA[4]]>
              </value>
            </param>
            <param index="1">
              <value>
                <![CDATA[UK]]>
              </value>
            </param>
          </params>
          <reporter-output>
          </reporter-output>
        </test-method> <!-- Testing1 -->
        <test-method status="PASS" signature="Testing1(java.lang.String, java.lang.String)[pri:0, instance:RestPost.multipleTest@185d8b6]" name="Testing1" duration-ms="16" started-at="2018-08-09T17:23:10Z" data-provider="DataJason" finished-at="2018-08-09T17:23:10Z">
          <params>
            <param index="0">
              <value>
                <![CDATA[6]]>
              </value>
            </param>
            <param index="1">
              <value>
                <![CDATA[UK]]>
              </value>
            </param>
          </params>
          <reporter-output>
          </reporter-output>
        </test-method> <!-- Testing1 -->
        <test-method status="PASS" signature="Testing1(java.lang.String, java.lang.String)[pri:0, instance:RestPost.multipleTest@185d8b6]" name="Testing1" duration-ms="21" started-at="2018-08-09T17:23:10Z" data-provider="DataJason" finished-at="2018-08-09T17:23:10Z">
          <params>
            <param index="0">
              <value>
                <![CDATA[8]]>
              </value>
            </param>
            <param index="1">
              <value>
                <![CDATA[UK]]>
              </value>
            </param>
          </params>
          <reporter-output>
          </reporter-output>
        </test-method> <!-- Testing1 -->
        <test-method status="PASS" signature="Testing1(java.lang.String, java.lang.String)[pri:0, instance:RestPost.multipleTest@185d8b6]" name="Testing1" duration-ms="15" started-at="2018-08-09T17:23:10Z" data-provider="DataJason" finished-at="2018-08-09T17:23:10Z">
          <params>
            <param index="0">
              <value>
                <![CDATA[5]]>
              </value>
            </param>
            <param index="1">
              <value>
                <![CDATA[India]]>
              </value>
            </param>
          </params>
          <reporter-output>
          </reporter-output>
        </test-method> <!-- Testing1 -->
        <test-method status="PASS" signature="Testing1(java.lang.String, java.lang.String)[pri:0, instance:RestPost.multipleTest@185d8b6]" name="Testing1" duration-ms="14" started-at="2018-08-09T17:23:10Z" data-provider="DataJason" finished-at="2018-08-09T17:23:10Z">
          <params>
            <param index="0">
              <value>
                <![CDATA[7]]>
              </value>
            </param>
            <param index="1">
              <value>
                <![CDATA[India]]>
              </value>
            </param>
          </params>
          <reporter-output>
          </reporter-output>
        </test-method> <!-- Testing1 -->
      </class> <!-- RestPost.multipleTest -->
    </test> <!-- test1 -->
  </suite> <!-- Suite1 -->
</testng-results>
